{
  "stats": {
    "suites": 1,
    "tests": 13,
    "passes": 13,
    "pending": 0,
    "failures": 0,
    "start": "2021-09-20T09:59:38.889Z",
    "end": "2021-09-20T09:59:42.357Z",
    "duration": 3468,
    "testsRegistered": 13,
    "passPercent": 100,
    "pendingPercent": 0,
    "other": 0,
    "hasOther": false,
    "skipped": 0,
    "hasSkipped": false
  },
  "results": [
    {
      "uuid": "651c9556-1fca-473a-9b06-51320f7a1846",
      "title": "",
      "fullFile": "cypress/integration/OpenWeatherAPI/getcityweather.spec.js",
      "file": "cypress/integration/OpenWeatherAPI/getcityweather.spec.js",
      "beforeHooks": [],
      "afterHooks": [],
      "tests": [],
      "suites": [
        {
          "uuid": "2def819a-53dc-4095-91be-0e426efed5cc",
          "title": "API Testing-OpenWeather",
          "fullFile": "",
          "file": "",
          "beforeHooks": [],
          "afterHooks": [],
          "tests": [
            {
              "title": "OpenWeatherAPI_03: OpenWeather: Search City Weather API - Validate response fields return corrrect data for existed city",
              "fullTitle": "API Testing-OpenWeather OpenWeatherAPI_03: OpenWeather: Search City Weather API - Validate response fields return corrrect data for existed city",
              "timedOut": null,
              "duration": 273,
              "state": "passed",
              "speed": "slow",
              "pass": true,
              "fail": false,
              "pending": false,
              "context": null,
              "code": "cy.request({\n  method: 'GET',\n  //url: Cypress.env('base_url') + '/weather?q=ho chi minh' + Cypress.env('app_id_key')\n  url: Cypress.env('base_url') + '/weather?q=ho chi minh' + Cypress.env('app_id_key')\n}).then(res => {\n  expect(res.status).to.eq(200);\n  expect(res.body.sys.country).to.eq('VN');\n  expect(res.body.name).to.eq('Ho Chi Minh City');\n});",
              "err": {},
              "uuid": "b4d55763-6ac3-4855-8efa-06338207fcc9",
              "parentUUID": "2def819a-53dc-4095-91be-0e426efed5cc",
              "isHook": false,
              "skipped": false
            },
            {
              "title": "OpenWeatherAPI_04: OpenWeather: Search City Weather API - Validate response fields with inexistent city",
              "fullTitle": "API Testing-OpenWeather OpenWeatherAPI_04: OpenWeather: Search City Weather API - Validate response fields with inexistent city",
              "timedOut": null,
              "duration": 74,
              "state": "passed",
              "speed": "medium",
              "pass": true,
              "fail": false,
              "pending": false,
              "context": null,
              "code": "cy.request({\n  method: 'GET',\n  url: Cypress.env('base_url') + '/weather?q=ho chi minh1' + Cypress.env('app_id_key'),\n  failOnStatusCode: false\n}).then(res => {\n  expect(res.status).to.eq(404);\n  expect(res.body.message).to.eq('city not found');\n});",
              "err": {},
              "uuid": "5c80fa2c-432e-413c-935d-b65ec2246f04",
              "parentUUID": "2def819a-53dc-4095-91be-0e426efed5cc",
              "isHook": false,
              "skipped": false
            },
            {
              "title": "OpenWeatherAPI_05: OpenWeather: Search City Weather API - Validate response fields with invalid city (contain special characters)",
              "fullTitle": "API Testing-OpenWeather OpenWeatherAPI_05: OpenWeather: Search City Weather API - Validate response fields with invalid city (contain special characters)",
              "timedOut": null,
              "duration": 59,
              "state": "passed",
              "speed": "medium",
              "pass": true,
              "fail": false,
              "pending": false,
              "context": null,
              "code": "cy.request({\n  method: 'GET',\n  url: Cypress.env('base_url') + '/weather?q=%23%!@%23$%23%%^%%23$^' + Cypress.env('app_id_key'),\n  failOnStatusCode: false\n}).then(res => {\n  expect(res.status).to.eq(404);\n  expect(res.body.message).to.eq('city not found');\n});",
              "err": {},
              "uuid": "4ffc553c-7b57-4a52-bd21-e2d5135f0fb8",
              "parentUUID": "2def819a-53dc-4095-91be-0e426efed5cc",
              "isHook": false,
              "skipped": false
            },
            {
              "title": "OpenWeatherAPI_06: OpenWeather: Search City Weather API - Validate response fields with empty city value",
              "fullTitle": "API Testing-OpenWeather OpenWeatherAPI_06: OpenWeather: Search City Weather API - Validate response fields with empty city value",
              "timedOut": null,
              "duration": 61,
              "state": "passed",
              "speed": "medium",
              "pass": true,
              "fail": false,
              "pending": false,
              "context": null,
              "code": "cy.request({\n  method: 'GET',\n  url: Cypress.env('base_url') + '/weather?q=' + Cypress.env('app_id_key'),\n  failOnStatusCode: false\n}).then(res => {\n  expect(res.status).to.eq(400);\n  expect(res.body.message).to.eq('Nothing to geocode');\n});",
              "err": {},
              "uuid": "35caf07a-725f-4f18-b74e-acd6b4a92aca",
              "parentUUID": "2def819a-53dc-4095-91be-0e426efed5cc",
              "isHook": false,
              "skipped": false
            },
            {
              "title": "OpenWeatherAPI_07: OpenWeather: Search City Weather API - Validate response fields with long city value (150 character)",
              "fullTitle": "API Testing-OpenWeather OpenWeatherAPI_07: OpenWeather: Search City Weather API - Validate response fields with long city value (150 character)",
              "timedOut": null,
              "duration": 57,
              "state": "passed",
              "speed": "medium",
              "pass": true,
              "fail": false,
              "pending": false,
              "context": null,
              "code": "cy.request({\n  method: 'GET',\n  url: Cypress.env('base_url') + '/weather?q=abcdefghopqwertabcdefghopqwertabcdefghopqwertabcdefghopqwertabcdefghopqwertabcdefghopqwertabcdefghopqwertabcdefghopqwertabcdefghopqwertabcdefghopqwert' + Cypress.env('app_id_key'),\n  failOnStatusCode: false\n}).then(res => {\n  expect(res.status).to.eq(404);\n  expect(res.body.message).to.eq('city not found');\n});",
              "err": {},
              "uuid": "698b28f0-e888-4d01-9691-ae4c6282cbe5",
              "parentUUID": "2def819a-53dc-4095-91be-0e426efed5cc",
              "isHook": false,
              "skipped": false
            },
            {
              "title": "OpenWeatherAPI_08: OpenWeather: Search City Weather API - Validate response fields with valid city name, state code",
              "fullTitle": "API Testing-OpenWeather OpenWeatherAPI_08: OpenWeather: Search City Weather API - Validate response fields with valid city name, state code",
              "timedOut": null,
              "duration": 70,
              "state": "passed",
              "speed": "medium",
              "pass": true,
              "fail": false,
              "pending": false,
              "context": null,
              "code": "cy.request({\n  method: 'GET',\n  url: Cypress.env('base_url') + '/weather?q=ho chi minh,70000' + Cypress.env('app_id_key'),\n  failOnStatusCode: false\n}).then(res => {\n  expect(res.status).to.eq(200);\n  expect(res.body.coord.lon).to.eq(106.6667);\n  expect(res.body.coord.lat).to.eq(10.75);\n  expect(res.body.sys.country).to.eq('VN');\n  expect(res.body.name).to.eq('Ho Chi Minh City');\n});",
              "err": {},
              "uuid": "517a11f2-e17d-4d46-a380-d2544165e9ec",
              "parentUUID": "2def819a-53dc-4095-91be-0e426efed5cc",
              "isHook": false,
              "skipped": false
            },
            {
              "title": "OpenWeatherAPI_09: OpenWeather: Search City Weather API - Validate response fields with valid postal code",
              "fullTitle": "API Testing-OpenWeather OpenWeatherAPI_09: OpenWeather: Search City Weather API - Validate response fields with valid postal code",
              "timedOut": null,
              "duration": 2280,
              "state": "passed",
              "speed": "slow",
              "pass": true,
              "fail": false,
              "pending": false,
              "context": null,
              "code": "cy.request({\n  method: 'GET',\n  url: Cypress.env('base_url') + '/weather?q=70123' + Cypress.env('app_id_key'),\n  failOnStatusCode: false\n}).then(res => {\n  expect(res.status).to.eq(200);\n  expect(res.body.sys.country).to.eq('IT');\n  expect(res.body.name).to.eq('Bari');\n});",
              "err": {},
              "uuid": "cd999e1b-581e-4249-b79f-7447a457da9b",
              "parentUUID": "2def819a-53dc-4095-91be-0e426efed5cc",
              "isHook": false,
              "skipped": false
            },
            {
              "title": "OpenWeatherAPI_10: OpenWeather: Search City Weather API - Validate response fields with smallest postal code (0)",
              "fullTitle": "API Testing-OpenWeather OpenWeatherAPI_10: OpenWeather: Search City Weather API - Validate response fields with smallest postal code (0)",
              "timedOut": null,
              "duration": 110,
              "state": "passed",
              "speed": "slow",
              "pass": true,
              "fail": false,
              "pending": false,
              "context": null,
              "code": "cy.request({\n  method: 'GET',\n  url: Cypress.env('base_url') + '/weather?q=0' + Cypress.env('app_id_key'),\n  failOnStatusCode: false\n}).then(res => {\n  expect(res.status).to.eq(404);\n  expect(res.body.message).to.eq('city not found');\n});",
              "err": {},
              "uuid": "fac3ef84-e6c2-458a-8bd1-17636e150e37",
              "parentUUID": "2def819a-53dc-4095-91be-0e426efed5cc",
              "isHook": false,
              "skipped": false
            },
            {
              "title": "OpenWeatherAPI_11: OpenWeather: Search City Weather API - Validate response fields with big postal code (0)",
              "fullTitle": "API Testing-OpenWeather OpenWeatherAPI_11: OpenWeather: Search City Weather API - Validate response fields with big postal code (0)",
              "timedOut": null,
              "duration": 165,
              "state": "passed",
              "speed": "slow",
              "pass": true,
              "fail": false,
              "pending": false,
              "context": null,
              "code": "cy.request({\n  method: 'GET',\n  url: Cypress.env('base_url') + '/weather?q=9876543210' + Cypress.env('app_id_key'),\n  failOnStatusCode: false\n}).then(res => {\n  expect(res.status).to.eq(404);\n  expect(res.body.message).to.eq('city not found');\n});",
              "err": {},
              "uuid": "b28396c2-56ef-4573-a24b-488144125459",
              "parentUUID": "2def819a-53dc-4095-91be-0e426efed5cc",
              "isHook": false,
              "skipped": false
            },
            {
              "title": "OpenWeatherAPI_12: OpenWeather: Search City Weather API - Validate response fields with inexistent appid",
              "fullTitle": "API Testing-OpenWeather OpenWeatherAPI_12: OpenWeather: Search City Weather API - Validate response fields with inexistent appid",
              "timedOut": null,
              "duration": 56,
              "state": "passed",
              "speed": "medium",
              "pass": true,
              "fail": false,
              "pending": false,
              "context": null,
              "code": "cy.request({\n  method: 'GET',\n  url: Cypress.env('base_url') + '/weather?q=ho chi minh&appid=2ace8e8a776a7ae0a0428de14a96306',\n  failOnStatusCode: false\n}).then(res => {\n  expect(res.status).to.eq(401);\n  expect(res.body.message).to.eq('Invalid API key. Please see http://openweathermap.org/faq#error401 for more info.');\n});",
              "err": {},
              "uuid": "5c7005ea-d5fa-430b-8da8-6ab5b86b60dc",
              "parentUUID": "2def819a-53dc-4095-91be-0e426efed5cc",
              "isHook": false,
              "skipped": false
            },
            {
              "title": "OpenWeatherAPI_13: OpenWeather: Search City Weather API - Validate response fields with empty appid value",
              "fullTitle": "API Testing-OpenWeather OpenWeatherAPI_13: OpenWeather: Search City Weather API - Validate response fields with empty appid value",
              "timedOut": null,
              "duration": 57,
              "state": "passed",
              "speed": "medium",
              "pass": true,
              "fail": false,
              "pending": false,
              "context": null,
              "code": "cy.request({\n  method: 'GET',\n  url: Cypress.env('base_url') + '/weather?q=ho chi minh&appid=',\n  failOnStatusCode: false\n}).then(res => {\n  expect(res.status).to.eq(401);\n  expect(res.body.message).to.eq('Invalid API key. Please see http://openweathermap.org/faq#error401 for more info.');\n});",
              "err": {},
              "uuid": "a702c6a8-f2fe-4eab-b67c-9d73256cf1b4",
              "parentUUID": "2def819a-53dc-4095-91be-0e426efed5cc",
              "isHook": false,
              "skipped": false
            },
            {
              "title": "OpenWeatherAPI_14: OpenWeather: Search City Weather API - Validate response fields with invalid appid value",
              "fullTitle": "API Testing-OpenWeather OpenWeatherAPI_14: OpenWeather: Search City Weather API - Validate response fields with invalid appid value",
              "timedOut": null,
              "duration": 54,
              "state": "passed",
              "speed": "medium",
              "pass": true,
              "fail": false,
              "pending": false,
              "context": null,
              "code": "cy.request({\n  method: 'GET',\n  url: Cypress.env('base_url') + '/weather?q=ho chi minh&appid=#@%#%^N$&%^&^B',\n  failOnStatusCode: false\n}).then(res => {\n  expect(res.status).to.eq(401);\n  expect(res.body.message).to.eq('Invalid API key. Please see http://openweathermap.org/faq#error401 for more info.');\n});",
              "err": {},
              "uuid": "adb03331-74aa-4311-a850-8a6e41859228",
              "parentUUID": "2def819a-53dc-4095-91be-0e426efed5cc",
              "isHook": false,
              "skipped": false
            },
            {
              "title": "OpenWeatherAPI_15: OpenWeather: Search City Weather API - Validate response fields return corrrect data with incorrect end point    ",
              "fullTitle": "API Testing-OpenWeather OpenWeatherAPI_15: OpenWeather: Search City Weather API - Validate response fields return corrrect data with incorrect end point    ",
              "timedOut": null,
              "duration": 57,
              "state": "passed",
              "speed": "medium",
              "pass": true,
              "fail": false,
              "pending": false,
              "context": null,
              "code": "cy.request({\n  method: 'GET',\n  url: 'https://api.openweathermap.org/data/2./weather?q=ho%20chi%20minh' + Cypress.env('app_id_key'),\n  failOnStatusCode: false\n}).then(res => {\n  expect(res.status).to.eq(404);\n  expect(res.body.message).to.eq('Internal error');\n});",
              "err": {},
              "uuid": "a39983a6-40fe-41f8-b4ba-4b3c6b6bb646",
              "parentUUID": "2def819a-53dc-4095-91be-0e426efed5cc",
              "isHook": false,
              "skipped": false
            }
          ],
          "suites": [],
          "passes": [
            "b4d55763-6ac3-4855-8efa-06338207fcc9",
            "5c80fa2c-432e-413c-935d-b65ec2246f04",
            "4ffc553c-7b57-4a52-bd21-e2d5135f0fb8",
            "35caf07a-725f-4f18-b74e-acd6b4a92aca",
            "698b28f0-e888-4d01-9691-ae4c6282cbe5",
            "517a11f2-e17d-4d46-a380-d2544165e9ec",
            "cd999e1b-581e-4249-b79f-7447a457da9b",
            "fac3ef84-e6c2-458a-8bd1-17636e150e37",
            "b28396c2-56ef-4573-a24b-488144125459",
            "5c7005ea-d5fa-430b-8da8-6ab5b86b60dc",
            "a702c6a8-f2fe-4eab-b67c-9d73256cf1b4",
            "adb03331-74aa-4311-a850-8a6e41859228",
            "a39983a6-40fe-41f8-b4ba-4b3c6b6bb646"
          ],
          "failures": [],
          "pending": [],
          "skipped": [],
          "duration": 3373,
          "root": false,
          "rootEmpty": false,
          "_timeout": 2000
        }
      ],
      "passes": [],
      "failures": [],
      "pending": [],
      "skipped": [],
      "duration": 0,
      "root": true,
      "rootEmpty": true,
      "_timeout": 2000
    }
  ],
  "meta": {
    "mocha": {
      "version": "7.0.1"
    },
    "mochawesome": {
      "options": {
        "quiet": false,
        "reportFilename": "mochawesome",
        "saveHtml": true,
        "saveJson": true,
        "consoleReporter": "spec",
        "useInlineDiffs": false,
        "code": true
      },
      "version": "6.2.2"
    },
    "marge": {
      "options": {
        "reportDir": "cypress/results",
        "overwrite": false,
        "html": true,
        "json": true,
        "charts": true
      },
      "version": "5.2.0"
    }
  }
}