{
  "stats": {
    "suites": 1,
    "tests": 3,
    "passes": 3,
    "pending": 0,
    "failures": 0,
    "start": "2021-09-20T09:59:43.635Z",
    "end": "2021-09-20T09:59:43.880Z",
    "duration": 245,
    "testsRegistered": 3,
    "passPercent": 100,
    "pendingPercent": 0,
    "other": 0,
    "hasOther": false,
    "skipped": 0,
    "hasSkipped": false
  },
  "results": [
    {
      "uuid": "93e4613c-0a82-48b8-b8a7-385fbaaf5b49",
      "title": "",
      "fullFile": "cypress/integration/OpenWeatherAPI/getcityweatherDDT.spec.js",
      "file": "cypress/integration/OpenWeatherAPI/getcityweatherDDT.spec.js",
      "beforeHooks": [],
      "afterHooks": [],
      "tests": [],
      "suites": [
        {
          "uuid": "d0d9de83-665c-496e-8b71-378bf2e80d58",
          "title": "API Testing-OpenWeather",
          "fullFile": "",
          "file": "",
          "beforeHooks": [],
          "afterHooks": [],
          "tests": [
            {
              "title": "OpenWeatherAPI_03OpenWeather: Search City Weather API - Validate response fields return corrrect data for city name, country",
              "fullTitle": "API Testing-OpenWeather OpenWeatherAPI_03OpenWeather: Search City Weather API - Validate response fields return corrrect data for city name, country",
              "timedOut": null,
              "duration": 82,
              "state": "passed",
              "speed": "slow",
              "pass": true,
              "fail": false,
              "pending": false,
              "context": null,
              "code": "cy.request({\n  method: 'GET',\n  url: Cypress.env('base_url') + '/weather?q=' + test.q + Cypress.env('app_id_key'),\n  failOnStatusCode: false\n}).then(res => {\n  expect(res.status).to.eq(test.status_code);\n});",
              "err": {},
              "uuid": "69098f37-0e85-4098-9923-ab05047992df",
              "parentUUID": "d0d9de83-665c-496e-8b71-378bf2e80d58",
              "isHook": false,
              "skipped": false
            },
            {
              "title": "OpenWeatherAPI_04OpenWeather: Search City Weather API - Validate response fields with inexistent city",
              "fullTitle": "API Testing-OpenWeather OpenWeatherAPI_04OpenWeather: Search City Weather API - Validate response fields with inexistent city",
              "timedOut": null,
              "duration": 54,
              "state": "passed",
              "speed": "medium",
              "pass": true,
              "fail": false,
              "pending": false,
              "context": null,
              "code": "cy.request({\n  method: 'GET',\n  url: Cypress.env('base_url') + '/weather?q=' + test.q + Cypress.env('app_id_key'),\n  failOnStatusCode: false\n}).then(res => {\n  expect(res.status).to.eq(test.status_code);\n});",
              "err": {},
              "uuid": "e28dcf27-3800-4104-86d6-a779aaf1c65a",
              "parentUUID": "d0d9de83-665c-496e-8b71-378bf2e80d58",
              "isHook": false,
              "skipped": false
            },
            {
              "title": "OpenWeatherAPI_05OpenWeather: Search City Weather API - Validate response fields with invalid city (contain special characters)",
              "fullTitle": "API Testing-OpenWeather OpenWeatherAPI_05OpenWeather: Search City Weather API - Validate response fields with invalid city (contain special characters)",
              "timedOut": null,
              "duration": 66,
              "state": "passed",
              "speed": "medium",
              "pass": true,
              "fail": false,
              "pending": false,
              "context": null,
              "code": "cy.request({\n  method: 'GET',\n  url: Cypress.env('base_url') + '/weather?q=' + test.q + Cypress.env('app_id_key'),\n  failOnStatusCode: false\n}).then(res => {\n  expect(res.status).to.eq(test.status_code);\n});",
              "err": {},
              "uuid": "4a73fc54-b9e9-45a8-a429-2982bc725556",
              "parentUUID": "d0d9de83-665c-496e-8b71-378bf2e80d58",
              "isHook": false,
              "skipped": false
            }
          ],
          "suites": [],
          "passes": [
            "69098f37-0e85-4098-9923-ab05047992df",
            "e28dcf27-3800-4104-86d6-a779aaf1c65a",
            "4a73fc54-b9e9-45a8-a429-2982bc725556"
          ],
          "failures": [],
          "pending": [],
          "skipped": [],
          "duration": 202,
          "root": false,
          "rootEmpty": false,
          "_timeout": 2000
        }
      ],
      "passes": [],
      "failures": [],
      "pending": [],
      "skipped": [],
      "duration": 0,
      "root": true,
      "rootEmpty": true,
      "_timeout": 2000
    }
  ],
  "meta": {
    "mocha": {
      "version": "7.0.1"
    },
    "mochawesome": {
      "options": {
        "quiet": false,
        "reportFilename": "mochawesome",
        "saveHtml": true,
        "saveJson": true,
        "consoleReporter": "spec",
        "useInlineDiffs": false,
        "code": true
      },
      "version": "6.2.2"
    },
    "marge": {
      "options": {
        "reportDir": "cypress/results",
        "overwrite": false,
        "html": true,
        "json": true,
        "charts": true
      },
      "version": "5.2.0"
    }
  }
}